{"C:\\personal\\Spotcap\\src\\components\\TransactionView\\TransactionView.js": {"path":"C:\\personal\\Spotcap\\src\\components\\TransactionView\\TransactionView.js","statementMap":{"0":{"start":{"line":1,"column":0},"end":{"line":null,"column":-1}},"1":{"start":{"line":2,"column":0},"end":{"line":null,"column":-1}},"2":{"start":{"line":3,"column":0},"end":{"line":null,"column":-1}},"3":{"start":{"line":4,"column":0},"end":{"line":null,"column":-1}},"4":{"start":{"line":5,"column":0},"end":{"line":null,"column":-1}},"5":{"start":{"line":6,"column":0},"end":{"line":null,"column":-1}},"6":{"start":{"line":7,"column":0},"end":{"line":null,"column":-1}},"7":{"start":{"line":8,"column":0},"end":{"line":null,"column":-1}},"8":{"start":{"line":9,"column":0},"end":{"line":null,"column":-1}},"9":{"start":{"line":10,"column":0},"end":{"line":null,"column":-1}},"10":{"start":{"line":19,"column":6},"end":{"line":null,"column":-1}},"11":{"start":{"line":23,"column":4},"end":{"line":null,"column":-1}},"12":{"start":{"line":34,"column":6},"end":{"line":39,"column":7}},"13":{"start":{"line":35,"column":8},"end":{"line":null,"column":-1}},"14":{"start":{"line":36,"column":8},"end":{"line":null,"column":-1}},"15":{"start":{"line":37,"column":8},"end":{"line":null,"column":-1}},"16":{"start":{"line":38,"column":8},"end":{"line":null,"column":-1}},"17":{"start":{"line":40,"column":8},"end":{"line":null,"column":-1}},"18":{"start":{"line":43,"column":6},"end":{"line":null,"column":-1}},"19":{"start":{"line":44,"column":6},"end":{"line":null,"column":-1}},"20":{"start":{"line":45,"column":6},"end":{"line":null,"column":-1}},"21":{"start":{"line":46,"column":6},"end":{"line":null,"column":-1}},"22":{"start":{"line":47,"column":6},"end":{"line":null,"column":-1}},"23":{"start":{"line":51,"column":6},"end":{"line":53,"column":7}},"24":{"start":{"line":52,"column":8},"end":{"line":null,"column":-1}},"25":{"start":{"line":56,"column":6},"end":{"line":null,"column":-1}},"26":{"start":{"line":58,"column":10},"end":{"line":null,"column":-1}},"27":{"start":{"line":59,"column":12},"end":{"line":61,"column":13}},"28":{"start":{"line":60,"column":14},"end":{"line":null,"column":-1}},"29":{"start":{"line":63,"column":10},"end":{"line":null,"column":-1}},"30":{"start":{"line":64,"column":10},"end":{"line":null,"column":-1}},"31":{"start":{"line":66,"column":8},"end":{"line":null,"column":-1}},"32":{"start":{"line":67,"column":10},"end":{"line":69,"column":11}},"33":{"start":{"line":68,"column":12},"end":{"line":null,"column":-1}},"34":{"start":{"line":71,"column":10},"end":{"line":null,"column":-1}},"35":{"start":{"line":73,"column":8},"end":{"line":null,"column":-1}},"36":{"start":{"line":74,"column":10},"end":{"line":76,"column":11}},"37":{"start":{"line":75,"column":12},"end":{"line":null,"column":-1}},"38":{"start":{"line":79,"column":8},"end":{"line":null,"column":-1}},"39":{"start":{"line":80,"column":10},"end":{"line":82,"column":11}},"40":{"start":{"line":81,"column":12},"end":{"line":null,"column":-1}},"41":{"start":{"line":85,"column":8},"end":{"line":null,"column":-1}},"42":{"start":{"line":86,"column":10},"end":{"line":88,"column":11}},"43":{"start":{"line":87,"column":12},"end":{"line":null,"column":-1}},"44":{"start":{"line":90,"column":10},"end":{"line":null,"column":-1}},"45":{"start":{"line":92,"column":10},"end":{"line":56,"column":6}},"46":{"start":{"line":97,"column":4},"end":{"line":null,"column":-1}}},"fnMap":{"0":{"name":"rules","decl":{"start":{"line":17,"column":12},"end":{"line":18,"column":12}},"loc":{"start":{"line":18,"column":13},"end":{"line":17,"column":12}}},"1":{"name":"data","decl":{"start":{"line":12,"column":15},"end":{"line":22,"column":9}},"loc":{"start":{"line":22,"column":10},"end":{"line":12,"column":15}}},"2":{"name":"onmouseclick","decl":{"start":{"line":32,"column":11},"end":{"line":33,"column":17}},"loc":{"start":{"line":33,"column":24},"end":{"line":32,"column":11}}},"3":{"name":"onBackPress","decl":{"start":{"line":32,"column":11},"end":{"line":42,"column":17}},"loc":{"start":{"line":42,"column":18},"end":{"line":32,"column":11}}},"4":{"name":"onmouseover","decl":{"start":{"line":32,"column":11},"end":{"line":49,"column":16}},"loc":{"start":{"line":49,"column":23},"end":{"line":32,"column":11}}},"5":{"name":"filterTransactions","decl":{"start":{"line":32,"column":11},"end":{"line":55,"column":22}},"loc":{"start":{"line":55,"column":29},"end":{"line":32,"column":11}}},"6":{"name":"(anonymous_7)","decl":{"start":{"line":58,"column":47},"end":{"line":58,"column":47}},"loc":{"start":{"line":58,"column":64},"end":{"line":58,"column":27}}},"7":{"name":"(anonymous_8)","decl":{"start":{"line":66,"column":45},"end":{"line":66,"column":45}},"loc":{"start":{"line":66,"column":62},"end":{"line":66,"column":25}}},"8":{"name":"(anonymous_9)","decl":{"start":{"line":73,"column":45},"end":{"line":73,"column":45}},"loc":{"start":{"line":73,"column":62},"end":{"line":73,"column":25}}},"9":{"name":"(anonymous_10)","decl":{"start":{"line":79,"column":45},"end":{"line":79,"column":45}},"loc":{"start":{"line":79,"column":62},"end":{"line":79,"column":25}}},"10":{"name":"(anonymous_11)","decl":{"start":{"line":85,"column":45},"end":{"line":85,"column":45}},"loc":{"start":{"line":85,"column":62},"end":{"line":85,"column":25}}},"11":{"name":"beforeMount","decl":{"start":{"line":96,"column":15},"end":{"line":96,"column":26}},"loc":{"start":{"line":96,"column":27},"end":{"line":12,"column":15}}}},"branchMap":{"0":{"loc":{"start":{"line":34,"column":6},"end":{"line":39,"column":7}},"type":"if","locations":[{"start":{"line":34,"column":6},"end":{"line":39,"column":7}},{"start":{"line":34,"column":6},"end":{"line":39,"column":7}}]},"1":{"loc":{"start":{"line":51,"column":6},"end":{"line":53,"column":7}},"type":"if","locations":[{"start":{"line":51,"column":6},"end":{"line":53,"column":7}},{"start":{"line":51,"column":6},"end":{"line":53,"column":7}}]},"2":{"loc":{"start":{"line":57,"column":8},"end":{"line":64,"column":10}},"type":"switch","locations":[{"start":{"line":57,"column":8},"end":{"line":64,"column":10}},{"start":{"line":65,"column":8},"end":{"line":71,"column":10}},{"start":{"line":72,"column":8},"end":{"line":73,"column":8}},{"start":{"line":78,"column":8},"end":{"line":79,"column":8}},{"start":{"line":84,"column":8},"end":{"line":90,"column":10}},{"start":{"line":91,"column":10},"end":{"line":56,"column":6}}]},"3":{"loc":{"start":{"line":59,"column":12},"end":{"line":61,"column":13}},"type":"if","locations":[{"start":{"line":59,"column":12},"end":{"line":61,"column":13}},{"start":{"line":59,"column":12},"end":{"line":61,"column":13}}]},"4":{"loc":{"start":{"line":59,"column":16},"end":{"line":59,"column":30}},"type":"binary-expr","locations":[{"start":{"line":59,"column":16},"end":{"line":59,"column":30}},{"start":{"line":59,"column":31},"end":{"line":59,"column":16}},{"start":{"line":59,"column":69},"end":{"line":59,"column":16}},{"start":{"line":59,"column":77},"end":{"line":59,"column":16}},{"start":{"line":59,"column":100},"end":{"line":59,"column":12}}]},"5":{"loc":{"start":{"line":67,"column":10},"end":{"line":69,"column":11}},"type":"if","locations":[{"start":{"line":67,"column":10},"end":{"line":69,"column":11}},{"start":{"line":67,"column":10},"end":{"line":69,"column":11}}]},"6":{"loc":{"start":{"line":67,"column":14},"end":{"line":67,"column":28}},"type":"binary-expr","locations":[{"start":{"line":67,"column":14},"end":{"line":67,"column":28}},{"start":{"line":67,"column":29},"end":{"line":67,"column":14}},{"start":{"line":67,"column":67},"end":{"line":67,"column":14}},{"start":{"line":67,"column":75},"end":{"line":67,"column":14}},{"start":{"line":67,"column":98},"end":{"line":67,"column":10}}]},"7":{"loc":{"start":{"line":74,"column":10},"end":{"line":76,"column":11}},"type":"if","locations":[{"start":{"line":74,"column":10},"end":{"line":76,"column":11}},{"start":{"line":74,"column":10},"end":{"line":76,"column":11}}]},"8":{"loc":{"start":{"line":74,"column":14},"end":{"line":74,"column":28}},"type":"binary-expr","locations":[{"start":{"line":74,"column":14},"end":{"line":74,"column":28}},{"start":{"line":74,"column":29},"end":{"line":74,"column":14}},{"start":{"line":74,"column":67},"end":{"line":74,"column":14}},{"start":{"line":74,"column":75},"end":{"line":74,"column":14}},{"start":{"line":74,"column":98},"end":{"line":74,"column":10}}]},"9":{"loc":{"start":{"line":80,"column":10},"end":{"line":82,"column":11}},"type":"if","locations":[{"start":{"line":80,"column":10},"end":{"line":82,"column":11}},{"start":{"line":80,"column":10},"end":{"line":82,"column":11}}]},"10":{"loc":{"start":{"line":80,"column":14},"end":{"line":80,"column":28}},"type":"binary-expr","locations":[{"start":{"line":80,"column":14},"end":{"line":80,"column":28}},{"start":{"line":80,"column":29},"end":{"line":80,"column":14}},{"start":{"line":80,"column":67},"end":{"line":80,"column":14}},{"start":{"line":80,"column":75},"end":{"line":80,"column":14}},{"start":{"line":80,"column":98},"end":{"line":80,"column":10}}]},"11":{"loc":{"start":{"line":86,"column":10},"end":{"line":88,"column":11}},"type":"if","locations":[{"start":{"line":86,"column":10},"end":{"line":88,"column":11}},{"start":{"line":86,"column":10},"end":{"line":88,"column":11}}]},"12":{"loc":{"start":{"line":86,"column":14},"end":{"line":86,"column":28}},"type":"binary-expr","locations":[{"start":{"line":86,"column":14},"end":{"line":86,"column":28}},{"start":{"line":86,"column":29},"end":{"line":86,"column":14}},{"start":{"line":86,"column":67},"end":{"line":86,"column":14}},{"start":{"line":86,"column":75},"end":{"line":86,"column":14}},{"start":{"line":86,"column":98},"end":{"line":86,"column":10}}]}},"s":{"0":0,"1":0,"2":0,"3":0,"4":0,"5":0,"6":0,"7":0,"8":0,"9":0,"10":0,"11":0,"12":0,"13":0,"14":0,"15":0,"16":0,"17":0,"18":0,"19":0,"20":0,"21":0,"22":0,"23":0,"24":0,"25":0,"26":0,"27":0,"28":0,"29":0,"30":0,"31":0,"32":0,"33":0,"34":0,"35":0,"36":0,"37":0,"38":0,"39":0,"40":0,"41":0,"42":0,"43":0,"44":0,"45":0,"46":0},"f":{"0":0,"1":0,"2":0,"3":0,"4":0,"5":0,"6":0,"7":0,"8":0,"9":0,"10":0,"11":0},"b":{"0":[0,0],"1":[0,0],"2":[0,0,0,0,0,0],"3":[0,0],"4":[0,0,0,0,0],"5":[0,0],"6":[0,0,0,0,0],"7":[0,0],"8":[0,0,0,0,0],"9":[0,0],"10":[0,0,0,0,0],"11":[0,0],"12":[0,0,0,0,0]}}
}
